#
# There is insufficient memory for the Java Runtime Environment to continue.
# Native memory allocation (mmap) failed to map 266338304 bytes for G1 virtual space
# Possible reasons:
#   The system is out of physical RAM or swap space
#   The process is running with CompressedOops enabled, and the Java Heap may be blocking the growth of the native heap
# Possible solutions:
#   Reduce memory load on the system
#   Increase physical memory or swap space
#   Check if swap backing store is full
#   Decrease Java heap size (-Xmx/-Xms)
#   Decrease number of Java threads
#   Decrease Java thread stack sizes (-Xss)
#   Set larger code cache with -XX:ReservedCodeCacheSize=
#   JVM is running with Zero Based Compressed Oops mode in which the Java heap is
#     placed in the first 32GB address space. The Java Heap base address is the
#     maximum limit for the native heap growth. Please use -XX:HeapBaseMinAddress
#     to set the Java Heap base and to place the Java Heap above 32GB virtual address.
# This output file may be truncated or incomplete.
#
#  Out of Memory Error (os_windows.cpp:3469), pid=7764, tid=21040
#
# JRE version:  (17.0+35) (build )
# Java VM: Java HotSpot(TM) 64-Bit Server VM (17+35-LTS-2724, mixed mode, emulated-client, sharing, tiered, compressed oops, compressed class ptrs, g1 gc, windows-amd64)
# No core dump will be written. Minidumps are not enabled by default on client versions of Windows
#

---------------  S U M M A R Y ------------

Command Line: -XX:TieredStopAtLevel=1 -Xverify:none -Dspring.output.ansi.enabled=always -javaagent:C:\Program Files\JetBrains\IntelliJ IDEA 2021.2\lib\idea_rt.jar=58145:C:\Program Files\JetBrains\IntelliJ IDEA 2021.2\bin -Dcom.sun.management.jmxremote -Dspring.jmx.enabled=true -Dspring.liveBeansView.mbeanDomain -Dspring.application.admin.enabled=true -Dfile.encoding=UTF-8 com.project2.dhrubosalgorithms.DhrubosAlgorithmsApplication

Host: Intel(R) Core(TM) i7-8650U CPU @ 1.90GHz, 8 cores, 15G,  Windows 10 , 64 bit Build 19041 (10.0.19041.1202)
Time: Thu Oct 14 12:13:07 2021 Central Daylight Time elapsed time: 0.103933 seconds (0d 0h 0m 0s)

---------------  T H R E A D  ---------------

Current thread (0x000001c55ebc0a20):  JavaThread "Unknown thread" [_thread_in_vm, id=21040, stack(0x000000688c100000,0x000000688c200000)]

Stack: [0x000000688c100000,0x000000688c200000]
Native frames: (J=compiled Java code, j=interpreted, Vv=VM code, C=native code)
V  [jvm.dll+0x66f8ea]
V  [jvm.dll+0x7ce224]
V  [jvm.dll+0x7cf9ce]
V  [jvm.dll+0x7d0033]
V  [jvm.dll+0x242bb5]
V  [jvm.dll+0x66c909]
V  [jvm.dll+0x6613d2]
V  [jvm.dll+0x30082b]
V  [jvm.dll+0x307db6]
V  [jvm.dll+0x357a0e]
V  [jvm.dll+0x357c3f]
V  [jvm.dll+0x2d7ae8]
V  [jvm.dll+0x2d8a54]
V  [jvm.dll+0x7a00a1]
V  [jvm.dll+0x365781]
V  [jvm.dll+0x77f59c]
V  [jvm.dll+0x3e805f]
V  [jvm.dll+0x3e9b01]
C  [jli.dll+0x527b]
C  [ucrtbase.dll+0x21bb2]
C  [KERNEL32.DLL+0x17034]
C  [ntdll.dll+0x52651]


---------------  P R O C E S S  ---------------

Threads class SMR info:
_java_thread_list=0x00007ffd7a2a7818, length=0, elements={
}

Java Threads: ( => current thread )

Other Threads:
  0x000001c55ec0f9e0 GCTaskThread "GC Thread#0" [stack: 0x000000688c200000,0x000000688c300000] [id=33864]
  0x000001c55ec206e0 ConcurrentGCThread "G1 Main Marker" [stack: 0x000000688c300000,0x000000688c400000] [id=42104]
  0x000001c55ec210f0 ConcurrentGCThread "G1 Conc#0" [stack: 0x000000688c400000,0x000000688c500000] [id=40940]

[error occurred during error reporting (printing all threads), id 0xc0000005, EXCEPTION_ACCESS_VIOLATION (0xc0000005) at pc=0x00007ffd79af84c7]

VM state: not at safepoint (not fully initialized)

VM Mutex/Monitor currently owned by a thread:  ([mutex/lock_event])
[0x000001c55ebbc3d0] Heap_lock - owner thread: 0x000001c55ebc0a20

Heap address: 0x0000000702400000, size: 4060 MB, Compressed Oops mode: Zero based, Oop shift amount: 3

CDS archive(s) mapped at: [0x0000000000000000-0x0000000000000000-0x0000000000000000), size 0, SharedBaseAddress: 0x0000000800000000, ArchiveRelocationMode: 0.
Narrow klass base: 0x0000000000000000, Narrow klass shift: 0, Narrow klass range: 0x0

GC Precious Log:
<Empty>

Heap:
 garbage-first heap   total 0K, used 0K [0x0000000702400000, 0x0000000800000000)
  region size 2048K, 0 young (0K), 0 survivors (0K)

[error occurred during error reporting (printing heap information), id 0xc0000005, EXCEPTION_ACCESS_VIOLATION (0xc0000005) at pc=0x00007ffd79ed8c59]

GC Heap History (0 events):
No events

Deoptimization events (0 events):
No events

Classes unloaded (0 events):
No events

Classes redefined (0 events):
No events

Internal exceptions (0 events):
No events

VM Operations (0 events):
No events

Events (1 events):
Event: 0.042 Loaded shared library C:\Program Files\Java\jdk-17\bin\java.dll


Dynamic libraries:
0x00007ff61ad20000 - 0x00007ff61ad30000 	C:\Program Files\Java\jdk-17\bin\java.exe
0x00007ffe0b750000 - 0x00007ffe0b945000 	C:\WINDOWS\SYSTEM32\ntdll.dll
0x00007ffe097d0000 - 0x00007ffe0988e000 	C:\WINDOWS\System32\KERNEL32.DLL
0x00007ffe09270000 - 0x00007ffe09539000 	C:\WINDOWS\System32\KERNELBASE.dll
0x00007ffe02c70000 - 0x00007ffe02c88000 	C:\Program Files\Java\jdk-17\bin\jli.dll
0x00007ffe02c50000 - 0x00007ffe02c6a000 	C:\Program Files\Java\jdk-17\bin\VCRUNTIME140.dll
0x00007ffe0a720000 - 0x00007ffe0a7cc000 	C:\WINDOWS\System32\ADVAPI32.dll
0x00007ffe09010000 - 0x00007ffe09110000 	C:\WINDOWS\System32\ucrtbase.dll
0x00007ffe0a680000 - 0x00007ffe0a71e000 	C:\WINDOWS\System32\msvcrt.dll
0x00007ffe0b670000 - 0x00007ffe0b70b000 	C:\WINDOWS\System32\sechost.dll
0x00007ffe0a040000 - 0x00007ffe0a16a000 	C:\WINDOWS\System32\RPCRT4.dll
0x00007ffe09da0000 - 0x00007ffe09f41000 	C:\WINDOWS\System32\USER32.dll
0x00007ffdf1fc0000 - 0x00007ffdf225a000 	C:\WINDOWS\WinSxS\amd64_microsoft.windows.common-controls_6595b64144ccf1df_6.0.19041.1110_none_60b5254171f9507e\COMCTL32.dll
0x00007ffe09770000 - 0x00007ffe09792000 	C:\WINDOWS\System32\win32u.dll
0x00007ffe0b280000 - 0x00007ffe0b2ab000 	C:\WINDOWS\System32\GDI32.dll
0x00007ffe08f00000 - 0x00007ffe0900b000 	C:\WINDOWS\System32\gdi32full.dll
0x00007ffdf6590000 - 0x00007ffdf659a000 	C:\WINDOWS\SYSTEM32\VERSION.dll
0x00007ffe096d0000 - 0x00007ffe0976d000 	C:\WINDOWS\System32\msvcp_win.dll
0x00007ffe097a0000 - 0x00007ffe097d0000 	C:\WINDOWS\System32\IMM32.DLL
0x00007ffdd33b0000 - 0x00007ffdd3454000 	C:\Program Files\McAfee\Endpoint Security\Threat Prevention\Ips\EpMPApi.dll
0x00007ffe091c0000 - 0x00007ffe09220000 	C:\WINDOWS\System32\WINTRUST.dll
0x00007ffe09540000 - 0x00007ffe09696000 	C:\WINDOWS\System32\CRYPT32.dll
0x00007ffe08a50000 - 0x00007ffe08a62000 	C:\WINDOWS\SYSTEM32\MSASN1.dll
0x0000000065840000 - 0x000000006584c000 	C:\Program Files\McAfee\Endpoint Security\Threat Prevention\Ips\EpMPThe.dll
0x00007ffdd2fe0000 - 0x00007ffdd3039000 	C:\Program Files\McAfee\Endpoint Security\Threat Prevention\Ips\HIPHandlers64.dll
0x00007ffe0b2b0000 - 0x00007ffe0b305000 	C:\WINDOWS\System32\SHLWAPI.dll
0x00007ffe06950000 - 0x00007ffe06b34000 	C:\WINDOWS\SYSTEM32\dbghelp.dll
0x00007ffe04770000 - 0x00007ffe0477c000 	C:\Program Files\Java\jdk-17\bin\vcruntime140_1.dll
0x00007ffdda0d0000 - 0x00007ffdda15d000 	C:\Program Files\Java\jdk-17\bin\msvcp140.dll
0x00007ffd79810000 - 0x00007ffd7a3ce000 	C:\Program Files\Java\jdk-17\bin\server\jvm.dll
0x00007ffe0a170000 - 0x00007ffe0a178000 	C:\WINDOWS\System32\PSAPI.DLL
0x00007ffdefbd0000 - 0x00007ffdefbd9000 	C:\WINDOWS\SYSTEM32\WSOCK32.dll
0x00007ffe0a9c0000 - 0x00007ffe0aa2b000 	C:\WINDOWS\System32\WS2_32.dll
0x00007ffdefcc0000 - 0x00007ffdefce7000 	C:\WINDOWS\SYSTEM32\WINMM.dll
0x00007ffe075d0000 - 0x00007ffe075e2000 	C:\WINDOWS\SYSTEM32\kernel.appcore.dll
0x00007ffe02a60000 - 0x00007ffe02a6a000 	C:\Program Files\Java\jdk-17\bin\jimage.dll
0x00007ffdeadf0000 - 0x00007ffdeae1c000 	C:\WINDOWS\SYSTEM32\dbgcore.DLL
0x00007ffe08e70000 - 0x00007ffe08ef3000 	C:\WINDOWS\System32\bcryptPrimitives.dll
0x00007ffe029f0000 - 0x00007ffe029fe000 	C:\Program Files\Java\jdk-17\bin\instrument.dll
0x00007ffe02a30000 - 0x00007ffe02a55000 	C:\Program Files\Java\jdk-17\bin\java.dll

dbghelp: loaded successfully - version: 4.0.5 - missing functions: none
symbol engine: initialized successfully - sym options: 0x614 - pdb path: .;C:\Program Files\Java\jdk-17\bin;C:\WINDOWS\SYSTEM32;C:\WINDOWS\WinSxS\amd64_microsoft.windows.common-controls_6595b64144ccf1df_6.0.19041.1110_none_60b5254171f9507e;C:\Program Files\McAfee\Endpoint Security\Threat Prevention\Ips;C:\Program Files\Java\jdk-17\bin\server

VM Arguments:
jvm_args: -XX:TieredStopAtLevel=1 -Xverify:none -Dspring.output.ansi.enabled=always -javaagent:C:\Program Files\JetBrains\IntelliJ IDEA 2021.2\lib\idea_rt.jar=58145:C:\Program Files\JetBrains\IntelliJ IDEA 2021.2\bin -Dcom.sun.management.jmxremote -Dspring.jmx.enabled=true -Dspring.liveBeansView.mbeanDomain -Dspring.application.admin.enabled=true -Dfile.encoding=UTF-8 
java_command: com.project2.dhrubosalgorithms.DhrubosAlgorithmsApplication
java_class_path (initial): C:\Users\matjames\Documents\paypal-sei\Java-Project-2\paypal-java-project-2\target\classes;C:\Users\matjames\.m2\repository\org\springframework\boot\spring-boot-starter-web\2.5.5\spring-boot-starter-web-2.5.5.jar;C:\Users\matjames\.m2\repository\org\springframework\boot\spring-boot-starter\2.5.5\spring-boot-starter-2.5.5.jar;C:\Users\matjames\.m2\repository\org\springframework\boot\spring-boot-starter-logging\2.5.5\spring-boot-starter-logging-2.5.5.jar;C:\Users\matjames\.m2\repository\ch\qos\logback\logback-classic\1.2.6\logback-classic-1.2.6.jar;C:\Users\matjames\.m2\repository\ch\qos\logback\logback-core\1.2.6\logback-core-1.2.6.jar;C:\Users\matjames\.m2\repository\org\apache\logging\log4j\log4j-to-slf4j\2.14.1\log4j-to-slf4j-2.14.1.jar;C:\Users\matjames\.m2\repository\org\apache\logging\log4j\log4j-api\2.14.1\log4j-api-2.14.1.jar;C:\Users\matjames\.m2\repository\org\slf4j\jul-to-slf4j\1.7.32\jul-to-slf4j-1.7.32.jar;C:\Users\matjames\.m2\repository\jakarta\annotation\jakarta.annotation-api\1.3.5\jakarta.annotation-api-1.3.5.jar;C:\Users\matjames\.m2\repository\org\yaml\snakeyaml\1.28\snakeyaml-1.28.jar;C:\Users\matjames\.m2\repository\org\springframework\boot\spring-boot-starter-json\2.5.5\spring-boot-starter-json-2.5.5.jar;C:\Users\matjames\.m2\repository\com\fasterxml\jackson\datatype\jackson-datatype-jdk8\2.12.5\jackson-datatype-jdk8-2.12.5.jar;C:\Users\matjames\.m2\repository\com\fasterxml\jackson\datatype\jackson-datatype-jsr310\2.12.5\jackson-datatype-jsr310-2.12.5.jar;C:\Users\matjames\.m2\repository\com\fasterxml\jackson\module\jackson-module-parameter-names\2.12.5\jackson-module-parameter-names-2.12.5.jar;C:\Users\matjames\.m2\repository\org\springframework\boot\spring-boot-starter-tomcat\2.5.5\spring-boot-starter-tomcat-2.5.5.jar;C:\Users\matjames\.m2\repository\org\apache\tomcat\embed\tomcat-embed-core\9.0.53\tomcat-embed-core-9.0.53.jar;C:\Users\matjames\.m2\repository\org\apache\tomcat\embed\tomcat-embed-el\9.0.53\tomcat-e
Launcher Type: SUN_STANDARD

[Global flags]
     intx CICompilerCount                          = 4                                         {product} {ergonomic}
     uint ConcGCThreads                            = 2                                         {product} {ergonomic}
     uint G1ConcRefinementThreads                  = 8                                         {product} {ergonomic}
   size_t G1HeapRegionSize                         = 2097152                                   {product} {ergonomic}
    uintx GCDrainStackTargetSize                   = 64                                        {product} {ergonomic}
   size_t InitialHeapSize                          = 266338304                                 {product} {ergonomic}
     bool ManagementServer                         = true                                      {product} {command line}
   size_t MarkStackSize                            = 4194304                                   {product} {ergonomic}
   size_t MaxHeapSize                              = 4257218560                                {product} {ergonomic}
   size_t MinHeapDeltaBytes                        = 2097152                                   {product} {ergonomic}
   size_t MinHeapSize                              = 8388608                                   {product} {ergonomic}
    uintx NonProfiledCodeHeapSize                  = 0                                      {pd product} {ergonomic}
     bool ProfileInterpreter                       = false                                  {pd product} {command line}
    uintx ProfiledCodeHeapSize                     = 0                                      {pd product} {ergonomic}
   size_t SoftMaxHeapSize                          = 4257218560                             {manageable} {ergonomic}
     intx TieredStopAtLevel                        = 1                                         {product} {command line}
     bool UseCompressedClassPointers               = true                           {product lp64_product} {ergonomic}
     bool UseCompressedOops                        = true                           {product lp64_product} {ergonomic}
     bool UseG1GC                                  = true                                      {product} {ergonomic}
     bool UseLargePagesIndividualAllocation        = false                                  {pd product} {ergonomic}

Logging:
Log output configuration:
 #0: stdout all=warning uptime,level,tags
 #1: stderr all=off uptime,level,tags

Environment Variables:
JAVA_HOME=C:\Program Files\Java\jdk-11.0.12
PATH=C:\Program Files\Common Files\Oracle\Java\javapath;C:\Program Files (x86)\Common Files\Oracle\Java\javapath;C:\Program Files (x86)\Nice Systems\NICE Player Codec Pack\\;C:\Program Files (x86)\RSA SecurID Token Common;C:\WINDOWS\system32;C:\WINDOWS;C:\WINDOWS\System32\Wbem;C:\WINDOWS\System32\WindowsPowerShell\v1.0\;C:\WINDOWS\System32\OpenSSH\;C:\Program Files\Microsoft VS Code\bin;C:\Program Files\Zulu\zulu-11\bin;C:\Program Files\Docker\Docker\resources\bin;C:\ProgramData\DockerDesktop\version-bin;C:\WINDOWS\system32;C:\WINDOWS;C:\WINDOWS\System32\Wbem;C:\WINDOWS\System32\WindowsPowerShell\v1.0\;C:\WINDOWS\System32\OpenSSH\;C:\Program Files\Java\jdk-11.0.12;C:\Program Files\apache-maven-3.8.3\bin;C:\Users\matjames\AppData\Local\Microsoft\WindowsApps;C:\Users\matjames\AppData\Local\Programs\Git\cmd;C:\Program Files\PostgreSQL\13\bin\;
USERNAME=matjames
OS=Windows_NT
PROCESSOR_IDENTIFIER=Intel64 Family 6 Model 142 Stepping 10, GenuineIntel



---------------  S Y S T E M  ---------------

OS:
 Windows 10 , 64 bit Build 19041 (10.0.19041.1202)
OS uptime: 0 days 19:13 hours
Hyper-V role detected

CPU: total 8 (initial active 8) (4 cores per cpu, 2 threads per core) family 6 model 142 stepping 10 microcode 0xb4, cx8, cmov, fxsr, ht, mmx, 3dnowpref, sse, sse2, sse3, ssse3, sse4.1, sse4.2, popcnt, lzcnt, tsc, tscinvbit, avx, avx2, aes, erms, clmul, bmi1, bmi2, rtm, adx, fma, vzeroupper, clflush, clflushopt, hv

Memory: 4k page, system-wide physical 16238M (2183M free)
TotalPageFile size 20334M (AvailPageFile size 57M)
current process WorkingSet (physical memory assigned to process): 12M, peak: 12M
current process commit charge ("private bytes"): 56M, peak: 310M

vm_info: Java HotSpot(TM) 64-Bit Server VM (17+35-LTS-2724) for windows-amd64 JRE (17+35-LTS-2724), built on Aug  5 2021 23:28:28 by "mach5one" with MS VC++ 16.8 (VS2019)

END.
