#
# There is insufficient memory for the Java Runtime Environment to continue.
# Native memory allocation (mmap) failed to map 65536 bytes for Failed to commit metaspace.
# Possible reasons:
#   The system is out of physical RAM or swap space
#   The process is running with CompressedOops enabled, and the Java Heap may be blocking the growth of the native heap
# Possible solutions:
#   Reduce memory load on the system
#   Increase physical memory or swap space
#   Check if swap backing store is full
#   Decrease Java heap size (-Xmx/-Xms)
#   Decrease number of Java threads
#   Decrease Java thread stack sizes (-Xss)
#   Set larger code cache with -XX:ReservedCodeCacheSize=
#   JVM is running with Zero Based Compressed Oops mode in which the Java heap is
#     placed in the first 32GB address space. The Java Heap base address is the
#     maximum limit for the native heap growth. Please use -XX:HeapBaseMinAddress
#     to set the Java Heap base and to place the Java Heap above 32GB virtual address.
# This output file may be truncated or incomplete.
#
#  Out of Memory Error (virtualSpaceNode.cpp:110), pid=13472, tid=37316
#
# JRE version: Java(TM) SE Runtime Environment (17.0+35) (build 17+35-LTS-2724)
# Java VM: Java HotSpot(TM) 64-Bit Server VM (17+35-LTS-2724, mixed mode, emulated-client, sharing, tiered, compressed oops, compressed class ptrs, g1 gc, windows-amd64)
# No core dump will be written. Minidumps are not enabled by default on client versions of Windows
#

---------------  S U M M A R Y ------------

Command Line: -XX:TieredStopAtLevel=1 -Xverify:none -Dspring.output.ansi.enabled=always -javaagent:C:\Program Files\JetBrains\IntelliJ IDEA 2021.2\lib\idea_rt.jar=54921:C:\Program Files\JetBrains\IntelliJ IDEA 2021.2\bin -Dcom.sun.management.jmxremote -Dspring.jmx.enabled=true -Dspring.liveBeansView.mbeanDomain -Dspring.application.admin.enabled=true -Dfile.encoding=UTF-8 com.project2.dhrubosalgorithms.DhrubosAlgorithmsApplication

Host: Intel(R) Core(TM) i7-8650U CPU @ 1.90GHz, 8 cores, 15G,  Windows 10 , 64 bit Build 19041 (10.0.19041.1202)
Time: Wed Oct 13 16:55:42 2021 Central Daylight Time elapsed time: 2.620684 seconds (0d 0h 0m 2s)

---------------  T H R E A D  ---------------

Current thread (0x000001a361630a20):  JavaThread "main" [_thread_in_vm, id=37316, stack(0x000000700a900000,0x000000700aa00000)]

Stack: [0x000000700a900000,0x000000700aa00000]
Native frames: (J=compiled Java code, j=interpreted, Vv=VM code, C=native code)
V  [jvm.dll+0x66f8ea]
V  [jvm.dll+0x7ce224]
V  [jvm.dll+0x7cf9ce]
V  [jvm.dll+0x7d0033]
V  [jvm.dll+0x242bb5]
V  [jvm.dll+0x7ca1cb]
V  [jvm.dll+0x615a46]
V  [jvm.dll+0x615aaa]
V  [jvm.dll+0x6182ba]
V  [jvm.dll+0x6163e6]
V  [jvm.dll+0x620057]
V  [jvm.dll+0x1e7e7b]
V  [jvm.dll+0x1e83b5]
V  [jvm.dll+0x1e8def]
V  [jvm.dll+0x1de2e1]
V  [jvm.dll+0x5375c0]
V  [jvm.dll+0x1eea87]
V  [jvm.dll+0x7489cb]
V  [jvm.dll+0x749d72]
V  [jvm.dll+0x74a509]
V  [jvm.dll+0x1e90a4]
V  [jvm.dll+0x1de2fa]
V  [jvm.dll+0x5375c0]
V  [jvm.dll+0x1eea87]
V  [jvm.dll+0x7489cb]
V  [jvm.dll+0x749d72]
V  [jvm.dll+0x74a509]
V  [jvm.dll+0x1e90a4]
V  [jvm.dll+0x1de2fa]
V  [jvm.dll+0x5375c0]
V  [jvm.dll+0x1eea87]
V  [jvm.dll+0x7489cb]
V  [jvm.dll+0x749d72]
V  [jvm.dll+0x74a0a8]
V  [jvm.dll+0x40fc58]
C  [java.dll+0x13e9]

Java frames: (J=compiled Java code, j=interpreted, Vv=VM code)
j  java.lang.Class.forName0(Ljava/lang/String;ZLjava/lang/ClassLoader;Ljava/lang/Class;)Ljava/lang/Class;+0 java.base@17
j  java.lang.Class.forName(Ljava/lang/String;ZLjava/lang/ClassLoader;)Ljava/lang/Class;+43 java.base@17
j  sun.rmi.server.Util.stubClassExists(Ljava/lang/Class;)Z+26 java.rmi@17
j  sun.rmi.server.Util.createProxy(Ljava/lang/Class;Ljava/rmi/server/RemoteRef;Z)Ljava/rmi/Remote;+38 java.rmi@17
j  sun.rmi.server.UnicastServerRef.exportObject(Ljava/rmi/Remote;Ljava/lang/Object;Z)Ljava/rmi/Remote;+16 java.rmi@17
j  sun.management.jmxremote.ConnectorBootstrap$PermanentExporter.exportObject(Ljava/rmi/Remote;ILjava/rmi/server/RMIClientSocketFactory;Ljava/rmi/server/RMIServerSocketFactory;Ljava/io/ObjectInputFilter;)Ljava/rmi/Remote;+82 jdk.management.agent@17
j  javax.management.remote.rmi.RMIJRMPServerImpl.export(Ljava/rmi/Remote;Ljava/io/ObjectInputFilter;)V+62 java.management.rmi@17
j  javax.management.remote.rmi.RMIJRMPServerImpl.export()V+6 java.management.rmi@17
j  javax.management.remote.rmi.RMIConnectorServer.start()V+257 java.management.rmi@17
j  sun.management.jmxremote.ConnectorBootstrap.startLocalConnectorServer()Ljavax/management/remote/JMXConnectorServer;+290 jdk.management.agent@17
j  jdk.internal.agent.Agent.startLocalManagementAgent()V+13 jdk.management.agent@17
j  jdk.internal.agent.Agent.startAgent(Ljava/util/Properties;)V+58 jdk.management.agent@17
j  jdk.internal.agent.Agent.startAgent()V+20 jdk.management.agent@17
v  ~StubRoutines::call_stub

---------------  P R O C E S S  ---------------

Threads class SMR info:
_java_thread_list=0x000001a3790d14f0, length=15, elements={
0x000001a361630a20, 0x000001a378026ca0, 0x000001a378027a20, 0x000001a378034f40,
0x000001a378036b70, 0x000001a378039540, 0x000001a378039e00, 0x000001a37803a770,
0x000001a37803b070, 0x000001a37800b440, 0x000001a378ce6520, 0x000001a378ce8c20,
0x000001a378ce9130, 0x000001a37910b850, 0x000001a37910bd20
}

Java Threads: ( => current thread )
=>0x000001a361630a20 JavaThread "main" [_thread_in_vm, id=37316, stack(0x000000700a900000,0x000000700aa00000)]
  0x000001a378026ca0 JavaThread "Reference Handler" daemon [_thread_blocked, id=15200, stack(0x000000700b000000,0x000000700b100000)]
  0x000001a378027a20 JavaThread "Finalizer" daemon [_thread_blocked, id=9556, stack(0x000000700b100000,0x000000700b200000)]
  0x000001a378034f40 JavaThread "Signal Dispatcher" daemon [_thread_blocked, id=24272, stack(0x000000700b200000,0x000000700b300000)]
  0x000001a378036b70 JavaThread "Attach Listener" daemon [_thread_blocked, id=8604, stack(0x000000700b300000,0x000000700b400000)]
  0x000001a378039540 JavaThread "Service Thread" daemon [_thread_blocked, id=19484, stack(0x000000700b400000,0x000000700b500000)]
  0x000001a378039e00 JavaThread "Monitor Deflation Thread" daemon [_thread_blocked, id=20736, stack(0x000000700b500000,0x000000700b600000)]
  0x000001a37803a770 JavaThread "C1 CompilerThread0" daemon [_thread_blocked, id=35124, stack(0x000000700b600000,0x000000700b700000)]
  0x000001a37803b070 JavaThread "Sweeper thread" daemon [_thread_blocked, id=30236, stack(0x000000700b700000,0x000000700b800000)]
  0x000001a37800b440 JavaThread "Common-Cleaner" daemon [_thread_blocked, id=16796, stack(0x000000700b800000,0x000000700b900000)]
  0x000001a378ce6520 JavaThread "C1 CompilerThread1" daemon [_thread_blocked, id=20904, stack(0x000000700b900000,0x000000700ba00000)]
  0x000001a378ce8c20 JavaThread "C1 CompilerThread2" daemon [_thread_blocked, id=27668, stack(0x000000700ba00000,0x000000700bb00000)]
  0x000001a378ce9130 JavaThread "C1 CompilerThread3" daemon [_thread_blocked, id=27288, stack(0x000000700bb00000,0x000000700bc00000)]
  0x000001a37910b850 JavaThread "Monitor Ctrl-Break" daemon [_thread_in_native, id=18148, stack(0x000000700bd00000,0x000000700be00000)]
  0x000001a37910bd20 JavaThread "Notification Thread" daemon [_thread_blocked, id=23976, stack(0x000000700be00000,0x000000700bf00000)]

Other Threads:
  0x000001a378020d60 VMThread "VM Thread" [stack: 0x000000700af00000,0x000000700b000000] [id=25484]
  0x000001a36167f9e0 GCTaskThread "GC Thread#0" [stack: 0x000000700aa00000,0x000000700ab00000] [id=33704]
  0x000001a361691600 ConcurrentGCThread "G1 Main Marker" [stack: 0x000000700ab00000,0x000000700ac00000] [id=21780]
  0x000001a361691f20 ConcurrentGCThread "G1 Conc#0" [stack: 0x000000700ac00000,0x000000700ad00000] [id=16528]
  0x000001a3616cd620 ConcurrentGCThread "G1 Refine#0" [stack: 0x000000700ad00000,0x000000700ae00000] [id=35372]
  0x000001a377ed7510 ConcurrentGCThread "G1 Service" [stack: 0x000000700ae00000,0x000000700af00000] [id=23984]

Threads with active compile tasks:

VM state: not at safepoint (normal execution)

VM Mutex/Monitor currently owned by a thread:  ([mutex/lock_event])
[0x000001a36162b570] Metaspace_lock - owner thread: 0x000001a361630a20

Heap address: 0x0000000702400000, size: 4060 MB, Compressed Oops mode: Zero based, Oop shift amount: 3

CDS archive(s) mapped at: [0x0000000800000000-0x0000000800bc0000-0x0000000800bc0000), size 12320768, SharedBaseAddress: 0x0000000800000000, ArchiveRelocationMode: 0.
Compressed class space mapped at: 0x0000000800c00000-0x0000000840c00000, reserved size: 1073741824
Narrow klass base: 0x0000000800000000, Narrow klass shift: 0, Narrow klass range: 0x100000000

GC Precious Log:
 CPUs: 8 total, 8 available
 Memory: 16238M
 Large Page Support: Disabled
 NUMA Support: Disabled
 Compressed Oops: Enabled (Zero based)
 Heap Region Size: 2M
 Heap Min Capacity: 8M
 Heap Initial Capacity: 254M
 Heap Max Capacity: 4060M
 Pre-touch: Disabled
 Parallel Workers: 8
 Concurrent Workers: 2
 Concurrent Refinement Workers: 8
 Periodic GC: Disabled

Heap:
 garbage-first heap   total 260096K, used 10240K [0x0000000702400000, 0x0000000800000000)
  region size 2048K, 7 young (14336K), 0 survivors (0K)
 Metaspace       used 4002K, committed 4096K, reserved 1056768K
  class space    used 483K, committed 512K, reserved 1048576K

Heap Regions: E=young(eden), S=young(survivor), O=old, HS=humongous(starts), HC=humongous(continues), CS=collection set, F=free, OA=open archive, CA=closed archive, TAMS=top-at-mark-start (previous, next)
|   0|0x0000000702400000, 0x0000000702400000, 0x0000000702600000|  0%| F|  |TAMS 0x0000000702400000, 0x0000000702400000| Untracked 
|   1|0x0000000702600000, 0x0000000702600000, 0x0000000702800000|  0%| F|  |TAMS 0x0000000702600000, 0x0000000702600000| Untracked 
|   2|0x0000000702800000, 0x0000000702800000, 0x0000000702a00000|  0%| F|  |TAMS 0x0000000702800000, 0x0000000702800000| Untracked 
|   3|0x0000000702a00000, 0x0000000702a00000, 0x0000000702c00000|  0%| F|  |TAMS 0x0000000702a00000, 0x0000000702a00000| Untracked 
|   4|0x0000000702c00000, 0x0000000702c00000, 0x0000000702e00000|  0%| F|  |TAMS 0x0000000702c00000, 0x0000000702c00000| Untracked 
|   5|0x0000000702e00000, 0x0000000702e00000, 0x0000000703000000|  0%| F|  |TAMS 0x0000000702e00000, 0x0000000702e00000| Untracked 
|   6|0x0000000703000000, 0x0000000703000000, 0x0000000703200000|  0%| F|  |TAMS 0x0000000703000000, 0x0000000703000000| Untracked 
|   7|0x0000000703200000, 0x0000000703200000, 0x0000000703400000|  0%| F|  |TAMS 0x0000000703200000, 0x0000000703200000| Untracked 
|   8|0x0000000703400000, 0x0000000703400000, 0x0000000703600000|  0%| F|  |TAMS 0x0000000703400000, 0x0000000703400000| Untracked 
|   9|0x0000000703600000, 0x0000000703600000, 0x0000000703800000|  0%| F|  |TAMS 0x0000000703600000, 0x0000000703600000| Untracked 
|  10|0x0000000703800000, 0x0000000703800000, 0x0000000703a00000|  0%| F|  |TAMS 0x0000000703800000, 0x0000000703800000| Untracked 
|  11|0x0000000703a00000, 0x0000000703a00000, 0x0000000703c00000|  0%| F|  |TAMS 0x0000000703a00000, 0x0000000703a00000| Untracked 
|  12|0x0000000703c00000, 0x0000000703c00000, 0x0000000703e00000|  0%| F|  |TAMS 0x0000000703c00000, 0x0000000703c00000| Untracked 
|  13|0x0000000703e00000, 0x0000000703e00000, 0x0000000704000000|  0%| F|  |TAMS 0x0000000703e00000, 0x0000000703e00000| Untracked 
|  14|0x0000000704000000, 0x0000000704000000, 0x0000000704200000|  0%| F|  |TAMS 0x0000000704000000, 0x0000000704000000| Untracked 
|  15|0x0000000704200000, 0x0000000704200000, 0x0000000704400000|  0%| F|  |TAMS 0x0000000704200000, 0x0000000704200000| Untracked 
|  16|0x0000000704400000, 0x0000000704400000, 0x0000000704600000|  0%| F|  |TAMS 0x0000000704400000, 0x0000000704400000| Untracked 
|  17|0x0000000704600000, 0x0000000704600000, 0x0000000704800000|  0%| F|  |TAMS 0x0000000704600000, 0x0000000704600000| Untracked 
|  18|0x0000000704800000, 0x0000000704800000, 0x0000000704a00000|  0%| F|  |TAMS 0x0000000704800000, 0x0000000704800000| Untracked 
|  19|0x0000000704a00000, 0x0000000704a00000, 0x0000000704c00000|  0%| F|  |TAMS 0x0000000704a00000, 0x0000000704a00000| Untracked 
|  20|0x0000000704c00000, 0x0000000704c00000, 0x0000000704e00000|  0%| F|  |TAMS 0x0000000704c00000, 0x0000000704c00000| Untracked 
|  21|0x0000000704e00000, 0x0000000704e00000, 0x0000000705000000|  0%| F|  |TAMS 0x0000000704e00000, 0x0000000704e00000| Untracked 
|  22|0x0000000705000000, 0x0000000705000000, 0x0000000705200000|  0%| F|  |TAMS 0x0000000705000000, 0x0000000705000000| Untracked 
|  23|0x0000000705200000, 0x0000000705200000, 0x0000000705400000|  0%| F|  |TAMS 0x0000000705200000, 0x0000000705200000| Untracked 
|  24|0x0000000705400000, 0x0000000705400000, 0x0000000705600000|  0%| F|  |TAMS 0x0000000705400000, 0x0000000705400000| Untracked 
|  25|0x0000000705600000, 0x0000000705600000, 0x0000000705800000|  0%| F|  |TAMS 0x0000000705600000, 0x0000000705600000| Untracked 
|  26|0x0000000705800000, 0x0000000705800000, 0x0000000705a00000|  0%| F|  |TAMS 0x0000000705800000, 0x0000000705800000| Untracked 
|  27|0x0000000705a00000, 0x0000000705a00000, 0x0000000705c00000|  0%| F|  |TAMS 0x0000000705a00000, 0x0000000705a00000| Untracked 
|  28|0x0000000705c00000, 0x0000000705c00000, 0x0000000705e00000|  0%| F|  |TAMS 0x0000000705c00000, 0x0000000705c00000| Untracked 
|  29|0x0000000705e00000, 0x0000000705e00000, 0x0000000706000000|  0%| F|  |TAMS 0x0000000705e00000, 0x0000000705e00000| Untracked 
|  30|0x0000000706000000, 0x0000000706000000, 0x0000000706200000|  0%| F|  |TAMS 0x0000000706000000, 0x0000000706000000| Untracked 
|  31|0x0000000706200000, 0x0000000706200000, 0x0000000706400000|  0%| F|  |TAMS 0x0000000706200000, 0x0000000706200000| Untracked 
|  32|0x0000000706400000, 0x0000000706400000, 0x0000000706600000|  0%| F|  |TAMS 0x0000000706400000, 0x0000000706400000| Untracked 
|  33|0x0000000706600000, 0x0000000706600000, 0x0000000706800000|  0%| F|  |TAMS 0x0000000706600000, 0x0000000706600000| Untracked 
|  34|0x0000000706800000, 0x0000000706800000, 0x0000000706a00000|  0%| F|  |TAMS 0x0000000706800000, 0x0000000706800000| Untracked 
|  35|0x0000000706a00000, 0x0000000706a00000, 0x0000000706c00000|  0%| F|  |TAMS 0x0000000706a00000, 0x0000000706a00000| Untracked 
|  36|0x0000000706c00000, 0x0000000706c00000, 0x0000000706e00000|  0%| F|  |TAMS 0x0000000706c00000, 0x0000000706c00000| Untracked 
|  37|0x0000000706e00000, 0x0000000706e00000, 0x0000000707000000|  0%| F|  |TAMS 0x0000000706e00000, 0x0000000706e00000| Untracked 
|  38|0x0000000707000000, 0x0000000707000000, 0x0000000707200000|  0%| F|  |TAMS 0x0000000707000000, 0x0000000707000000| Untracked 
|  39|0x0000000707200000, 0x0000000707200000, 0x0000000707400000|  0%| F|  |TAMS 0x0000000707200000, 0x0000000707200000| Untracked 
|  40|0x0000000707400000, 0x0000000707400000, 0x0000000707600000|  0%| F|  |TAMS 0x0000000707400000, 0x0000000707400000| Untracked 
|  41|0x0000000707600000, 0x0000000707600000, 0x0000000707800000|  0%| F|  |TAMS 0x0000000707600000, 0x0000000707600000| Untracked 
|  42|0x0000000707800000, 0x0000000707800000, 0x0000000707a00000|  0%| F|  |TAMS 0x0000000707800000, 0x0000000707800000| Untracked 
|  43|0x0000000707a00000, 0x0000000707a00000, 0x0000000707c00000|  0%| F|  |TAMS 0x0000000707a00000, 0x0000000707a00000| Untracked 
|  44|0x0000000707c00000, 0x0000000707c00000, 0x0000000707e00000|  0%| F|  |TAMS 0x0000000707c00000, 0x0000000707c00000| Untracked 
|  45|0x0000000707e00000, 0x0000000707e00000, 0x0000000708000000|  0%| F|  |TAMS 0x0000000707e00000, 0x0000000707e00000| Untracked 
|  46|0x0000000708000000, 0x0000000708000000, 0x0000000708200000|  0%| F|  |TAMS 0x0000000708000000, 0x0000000708000000| Untracked 
|  47|0x0000000708200000, 0x0000000708200000, 0x0000000708400000|  0%| F|  |TAMS 0x0000000708200000, 0x0000000708200000| Untracked 
|  48|0x0000000708400000, 0x0000000708400000, 0x0000000708600000|  0%| F|  |TAMS 0x0000000708400000, 0x0000000708400000| Untracked 
|  49|0x0000000708600000, 0x0000000708600000, 0x0000000708800000|  0%| F|  |TAMS 0x0000000708600000, 0x0000000708600000| Untracked 
|  50|0x0000000708800000, 0x0000000708800000, 0x0000000708a00000|  0%| F|  |TAMS 0x0000000708800000, 0x0000000708800000| Untracked 
|  51|0x0000000708a00000, 0x0000000708a00000, 0x0000000708c00000|  0%| F|  |TAMS 0x0000000708a00000, 0x0000000708a00000| Untracked 
|  52|0x0000000708c00000, 0x0000000708c00000, 0x0000000708e00000|  0%| F|  |TAMS 0x0000000708c00000, 0x0000000708c00000| Untracked 
|  53|0x0000000708e00000, 0x0000000708e00000, 0x0000000709000000|  0%| F|  |TAMS 0x0000000708e00000, 0x0000000708e00000| Untracked 
|  54|0x0000000709000000, 0x0000000709000000, 0x0000000709200000|  0%| F|  |TAMS 0x0000000709000000, 0x0000000709000000| Untracked 
|  55|0x0000000709200000, 0x0000000709200000, 0x0000000709400000|  0%| F|  |TAMS 0x0000000709200000, 0x0000000709200000| Untracked 
|  56|0x0000000709400000, 0x0000000709400000, 0x0000000709600000|  0%| F|  |TAMS 0x0000000709400000, 0x0000000709400000| Untracked 
|  57|0x0000000709600000, 0x0000000709600000, 0x0000000709800000|  0%| F|  |TAMS 0x0000000709600000, 0x0000000709600000| Untracked 
|  58|0x0000000709800000, 0x0000000709800000, 0x0000000709a00000|  0%| F|  |TAMS 0x0000000709800000, 0x0000000709800000| Untracked 
|  59|0x0000000709a00000, 0x0000000709a00000, 0x0000000709c00000|  0%| F|  |TAMS 0x0000000709a00000, 0x0000000709a00000| Untracked 
|  60|0x0000000709c00000, 0x0000000709c00000, 0x0000000709e00000|  0%| F|  |TAMS 0x0000000709c00000, 0x0000000709c00000| Untracked 
|  61|0x0000000709e00000, 0x0000000709e00000, 0x000000070a000000|  0%| F|  |TAMS 0x0000000709e00000, 0x0000000709e00000| Untracked 
|  62|0x000000070a000000, 0x000000070a000000, 0x000000070a200000|  0%| F|  |TAMS 0x000000070a000000, 0x000000070a000000| Untracked 
|  63|0x000000070a200000, 0x000000070a200000, 0x000000070a400000|  0%| F|  |TAMS 0x000000070a200000, 0x000000070a200000| Untracked 
|  64|0x000000070a400000, 0x000000070a400000, 0x000000070a600000|  0%| F|  |TAMS 0x000000070a400000, 0x000000070a400000| Untracked 
|  65|0x000000070a600000, 0x000000070a600000, 0x000000070a800000|  0%| F|  |TAMS 0x000000070a600000, 0x000000070a600000| Untracked 
|  66|0x000000070a800000, 0x000000070a800000, 0x000000070aa00000|  0%| F|  |TAMS 0x000000070a800000, 0x000000070a800000| Untracked 
|  67|0x000000070aa00000, 0x000000070aa00000, 0x000000070ac00000|  0%| F|  |TAMS 0x000000070aa00000, 0x000000070aa00000| Untracked 
|  68|0x000000070ac00000, 0x000000070ac00000, 0x000000070ae00000|  0%| F|  |TAMS 0x000000070ac00000, 0x000000070ac00000| Untracked 
|  69|0x000000070ae00000, 0x000000070ae00000, 0x000000070b000000|  0%| F|  |TAMS 0x000000070ae00000, 0x000000070ae00000| Untracked 
|  70|0x000000070b000000, 0x000000070b000000, 0x000000070b200000|  0%| F|  |TAMS 0x000000070b000000, 0x000000070b000000| Untracked 
|  71|0x000000070b200000, 0x000000070b200000, 0x000000070b400000|  0%| F|  |TAMS 0x000000070b200000, 0x000000070b200000| Untracked 
|  72|0x000000070b400000, 0x000000070b400000, 0x000000070b600000|  0%| F|  |TAMS 0x000000070b400000, 0x000000070b400000| Untracked 
|  73|0x000000070b600000, 0x000000070b600000, 0x000000070b800000|  0%| F|  |TAMS 0x000000070b600000, 0x000000070b600000| Untracked 
|  74|0x000000070b800000, 0x000000070b800000, 0x000000070ba00000|  0%| F|  |TAMS 0x000000070b800000, 0x000000070b800000| Untracked 
|  75|0x000000070ba00000, 0x000000070ba00000, 0x000000070bc00000|  0%| F|  |TAMS 0x000000070ba00000, 0x000000070ba00000| Untracked 
|  76|0x000000070bc00000, 0x000000070bc00000, 0x000000070be00000|  0%| F|  |TAMS 0x000000070bc00000, 0x000000070bc00000| Untracked 
|  77|0x000000070be00000, 0x000000070be00000, 0x000000070c000000|  0%| F|  |TAMS 0x000000070be00000, 0x000000070be00000| Untracked 
|  78|0x000000070c000000, 0x000000070c000000, 0x000000070c200000|  0%| F|  |TAMS 0x000000070c000000, 0x000000070c000000| Untracked 
|  79|0x000000070c200000, 0x000000070c200000, 0x000000070c400000|  0%| F|  |TAMS 0x000000070c200000, 0x000000070c200000| Untracked 
|  80|0x000000070c400000, 0x000000070c400000, 0x000000070c600000|  0%| F|  |TAMS 0x000000070c400000, 0x000000070c400000| Untracked 
|  81|0x000000070c600000, 0x000000070c600000, 0x000000070c800000|  0%| F|  |TAMS 0x000000070c600000, 0x000000070c600000| Untracked 
|  82|0x000000070c800000, 0x000000070c800000, 0x000000070ca00000|  0%| F|  |TAMS 0x000000070c800000, 0x000000070c800000| Untracked 
|  83|0x000000070ca00000, 0x000000070ca00000, 0x000000070cc00000|  0%| F|  |TAMS 0x000000070ca00000, 0x000000070ca00000| Untracked 
|  84|0x000000070cc00000, 0x000000070cc00000, 0x000000070ce00000|  0%| F|  |TAMS 0x000000070cc00000, 0x000000070cc00000| Untracked 
|  85|0x000000070ce00000, 0x000000070ce00000, 0x000000070d000000|  0%| F|  |TAMS 0x000000070ce00000, 0x000000070ce00000| Untracked 
|  86|0x000000070d000000, 0x000000070d000000, 0x000000070d200000|  0%| F|  |TAMS 0x000000070d000000, 0x000000070d000000| Untracked 
|  87|0x000000070d200000, 0x000000070d200000, 0x000000070d400000|  0%| F|  |TAMS 0x000000070d200000, 0x000000070d200000| Untracked 
|  88|0x000000070d400000, 0x000000070d400000, 0x000000070d600000|  0%| F|  |TAMS 0x000000070d400000, 0x000000070d400000| Untracked 
|  89|0x000000070d600000, 0x000000070d600000, 0x000000070d800000|  0%| F|  |TAMS 0x000000070d600000, 0x000000070d600000| Untracked 
|  90|0x000000070d800000, 0x000000070d800000, 0x000000070da00000|  0%| F|  |TAMS 0x000000070d800000, 0x000000070d800000| Untracked 
|  91|0x000000070da00000, 0x000000070da00000, 0x000000070dc00000|  0%| F|  |TAMS 0x000000070da00000, 0x000000070da00000| Untracked 
|  92|0x000000070dc00000, 0x000000070dc00000, 0x000000070de00000|  0%| F|  |TAMS 0x000000070dc00000, 0x000000070dc00000| Untracked 
|  93|0x000000070de00000, 0x000000070de00000, 0x000000070e000000|  0%| F|  |TAMS 0x000000070de00000, 0x000000070de00000| Untracked 
|  94|0x000000070e000000, 0x000000070e000000, 0x000000070e200000|  0%| F|  |TAMS 0x000000070e000000, 0x000000070e000000| Untracked 
|  95|0x000000070e200000, 0x000000070e200000, 0x000000070e400000|  0%| F|  |TAMS 0x000000070e200000, 0x000000070e200000| Untracked 
|  96|0x000000070e400000, 0x000000070e400000, 0x000000070e600000|  0%| F|  |TAMS 0x000000070e400000, 0x000000070e400000| Untracked 
|  97|0x000000070e600000, 0x000000070e600000, 0x000000070e800000|  0%| F|  |TAMS 0x000000070e600000, 0x000000070e600000| Untracked 
|  98|0x000000070e800000, 0x000000070e800000, 0x000000070ea00000|  0%| F|  |TAMS 0x000000070e800000, 0x000000070e800000| Untracked 
|  99|0x000000070ea00000, 0x000000070ea00000, 0x000000070ec00000|  0%| F|  |TAMS 0x000000070ea00000, 0x000000070ea00000| Untracked 
| 100|0x000000070ec00000, 0x000000070ec00000, 0x000000070ee00000|  0%| F|  |TAMS 0x000000070ec00000, 0x000000070ec00000| Untracked 
| 101|0x000000070ee00000, 0x000000070ee00000, 0x000000070f000000|  0%| F|  |TAMS 0x000000070ee00000, 0x000000070ee00000| Untracked 
| 102|0x000000070f000000, 0x000000070f000000, 0x000000070f200000|  0%| F|  |TAMS 0x000000070f000000, 0x000000070f000000| Untracked 
| 103|0x000000070f200000, 0x000000070f200000, 0x000000070f400000|  0%| F|  |TAMS 0x000000070f200000, 0x000000070f200000| Untracked 
| 104|0x000000070f400000, 0x000000070f400000, 0x000000070f600000|  0%| F|  |TAMS 0x000000070f400000, 0x000000070f400000| Untracked 
| 105|0x000000070f600000, 0x000000070f600000, 0x000000070f800000|  0%| F|  |TAMS 0x000000070f600000, 0x000000070f600000| Untracked 
| 106|0x000000070f800000, 0x000000070f800000, 0x000000070fa00000|  0%| F|  |TAMS 0x000000070f800000, 0x000000070f800000| Untracked 
| 107|0x000000070fa00000, 0x000000070fa00000, 0x000000070fc00000|  0%| F|  |TAMS 0x000000070fa00000, 0x000000070fa00000| Untracked 
| 108|0x000000070fc00000, 0x000000070fc00000, 0x000000070fe00000|  0%| F|  |TAMS 0x000000070fc00000, 0x000000070fc00000| Untracked 
| 109|0x000000070fe00000, 0x000000070fe00000, 0x0000000710000000|  0%| F|  |TAMS 0x000000070fe00000, 0x000000070fe00000| Untracked 
| 110|0x0000000710000000, 0x0000000710000000, 0x0000000710200000|  0%| F|  |TAMS 0x0000000710000000, 0x0000000710000000| Untracked 
| 111|0x0000000710200000, 0x0000000710200000, 0x0000000710400000|  0%| F|  |TAMS 0x0000000710200000, 0x0000000710200000| Untracked 
| 112|0x0000000710400000, 0x0000000710400000, 0x0000000710600000|  0%| F|  |TAMS 0x0000000710400000, 0x0000000710400000| Untracked 
| 113|0x0000000710600000, 0x0000000710600000, 0x0000000710800000|  0%| F|  |TAMS 0x0000000710600000, 0x0000000710600000| Untracked 
| 114|0x0000000710800000, 0x0000000710800000, 0x0000000710a00000|  0%| F|  |TAMS 0x0000000710800000, 0x0000000710800000| Untracked 
| 115|0x0000000710a00000, 0x0000000710a00000, 0x0000000710c00000|  0%| F|  |TAMS 0x0000000710a00000, 0x0000000710a00000| Untracked 
| 116|0x0000000710c00000, 0x0000000710c00000, 0x0000000710e00000|  0%| F|  |TAMS 0x0000000710c00000, 0x0000000710c00000| Untracked 
| 117|0x0000000710e00000, 0x0000000710e00000, 0x0000000711000000|  0%| F|  |TAMS 0x0000000710e00000, 0x0000000710e00000| Untracked 
| 118|0x0000000711000000, 0x0000000711000000, 0x0000000711200000|  0%| F|  |TAMS 0x0000000711000000, 0x0000000711000000| Untracked 
| 119|0x0000000711200000, 0x0000000711200000, 0x0000000711400000|  0%| F|  |TAMS 0x0000000711200000, 0x0000000711200000| Untracked 
| 120|0x0000000711400000, 0x00000007114e1e00, 0x0000000711600000| 44%| E|  |TAMS 0x0000000711400000, 0x0000000711400000| Complete 
| 121|0x0000000711600000, 0x0000000711800000, 0x0000000711800000|100%| E|CS|TAMS 0x0000000711600000, 0x0000000711600000| Complete 
| 122|0x0000000711800000, 0x0000000711a00000, 0x0000000711a00000|100%| E|CS|TAMS 0x0000000711800000, 0x0000000711800000| Complete 
| 123|0x0000000711a00000, 0x0000000711c00000, 0x0000000711c00000|100%| E|  |TAMS 0x0000000711a00000, 0x0000000711a00000| Complete 
| 124|0x0000000711c00000, 0x0000000711e00000, 0x0000000711e00000|100%| E|CS|TAMS 0x0000000711c00000, 0x0000000711c00000| Complete 
| 125|0x0000000711e00000, 0x0000000712000000, 0x0000000712000000|100%| E|CS|TAMS 0x0000000711e00000, 0x0000000711e00000| Complete 
| 126|0x0000000712000000, 0x0000000712200000, 0x0000000712200000|100%| E|CS|TAMS 0x0000000712000000, 0x0000000712000000| Complete 

Card table byte_map: [0x000001a36c700000,0x000001a36cef0000] _byte_map_base: 0x000001a368eee000

Marking Bits (Prev, Next): (CMBitMap*) 0x000001a361680f10, (CMBitMap*) 0x000001a361680f50
 Prev Bits: [0x000001a36d6e0000, 0x000001a371650000)
 Next Bits: [0x000001a371650000, 0x000001a3755c0000)

Polling page: 0x000001a35ef80000

Metaspace:

Usage:
  Non-class:      3.44 MB used.
      Class:    483.45 KB used.
       Both:      3.91 MB used.

Virtual space:
  Non-class space:        8.00 MB reserved,       3.50 MB ( 44%) committed,  1 nodes.
      Class space:        1.00 GB reserved,     512.00 KB ( <1%) committed,  1 nodes.
             Both:        1.01 GB reserved,       4.00 MB ( <1%) committed. 

Chunk freelists:
   Non-Class:  3.91 MB
       Class:  3.51 MB
        Both:  7.42 MB

MaxMetaspaceSize: unlimited
CompressedClassSpaceSize: 1.00 GB
Initial GC threshold: 21.00 MB
Current GC threshold: 21.00 MB
CDS: on
MetaspaceReclaimPolicy: balanced
 - commit_granule_bytes: 65536.
 - commit_granule_words: 8192.
 - virtual_space_node_default_size: 1048576.
 - enlarge_chunks_in_place: 1.
 - new_chunks_are_fully_committed: 0.
 - uncommit_free_chunks: 1.
 - use_allocation_guard: 0.
 - handle_deallocations: 1.


Internal statistics:

num_allocs_failed_limit: 0.
num_arena_births: 76.
num_arena_deaths: 0.
num_vsnodes_births: 2.
num_vsnodes_deaths: 0.
num_space_committed: 64.
num_space_uncommitted: 0.
num_chunks_returned_to_freelist: 0.
num_chunks_taken_from_freelist: 89.
num_chunk_merges: 0.
num_chunk_splits: 56.
num_chunks_enlarged: 29.
num_purges: 0.
num_inconsistent_stats: 0.

CodeCache: size=49152Kb used=3901Kb max_used=3901Kb free=45250Kb
 bounds [0x000001a368e00000, 0x000001a3691d0000, 0x000001a36be00000]
 total_blobs=1264 nmethods=830 adapters=359
 compilation: enabled
              stopped_count=0, restarted_count=0
 full_count=0

Compilation events (20 events):
Event: 2.573 Thread 0x000001a378ce9130 nmethod 822 0x000001a3691c4d90 code [0x000001a3691c4f20, 0x000001a3691c4ff8]
Event: 2.573 Thread 0x000001a378ce9130  819       1       jdk.internal.org.objectweb.asm.Attribute::putAttributes (78 bytes)
Event: 2.574 Thread 0x000001a378ce6520 nmethod 820 0x000001a3691c5090 code [0x000001a3691c52c0, 0x000001a3691c5828]
Event: 2.574 Thread 0x000001a378ce9130 nmethod 819 0x000001a3691c5a10 code [0x000001a3691c5c20, 0x000001a3691c5ef8]
Event: 2.574 Thread 0x000001a378ce6520  823       1       java.lang.StringBuilder::append (8 bytes)
Event: 2.574 Thread 0x000001a378ce9130  824       1       java.lang.AbstractStringBuilder::append (55 bytes)
Event: 2.575 Thread 0x000001a378ce6520 nmethod 823 0x000001a3691c6190 code [0x000001a3691c6320, 0x000001a3691c6408]
Event: 2.575 Thread 0x000001a378ce9130 nmethod 824 0x000001a3691c6490 code [0x000001a3691c6640, 0x000001a3691c67f8]
Event: 2.578 Thread 0x000001a378ce8c20 nmethod 806 0x000001a3691c6910 code [0x000001a3691c6d00, 0x000001a3691c83a8]
Event: 2.580 Thread 0x000001a37803a770 nmethod 805 0x000001a3691c9110 code [0x000001a3691c9480, 0x000001a3691ca138]
Event: 2.585 Thread 0x000001a37803a770  825       1       jdk.internal.org.objectweb.asm.MethodVisitor::<init> (88 bytes)
Event: 2.586 Thread 0x000001a37803a770 nmethod 825 0x000001a3691cac10 code [0x000001a3691cae00, 0x000001a3691cb2e8]
Event: 2.607 Thread 0x000001a37803a770  827       1       java.lang.Class::descriptorString (170 bytes)
Event: 2.609 Thread 0x000001a378ce8c20  828       1       java.lang.Class::cast (27 bytes)
Event: 2.609 Thread 0x000001a378ce8c20 nmethod 828 0x000001a3691cb910 code [0x000001a3691cbac0, 0x000001a3691cbc78]
Event: 2.610 Thread 0x000001a37803a770 nmethod 827 0x000001a3691cbd90 code [0x000001a3691cc0e0, 0x000001a3691ccc98]
Event: 2.610 Thread 0x000001a378ce8c20  829       1       java.lang.invoke.MethodHandles$Lookup::in (283 bytes)
Event: 2.611 Thread 0x000001a37803a770  830       1       java.security.AccessController::executePrivileged (65 bytes)
Event: 2.612 Thread 0x000001a37803a770 nmethod 830 0x000001a3691cd310 code [0x000001a3691cd4c0, 0x000001a3691cd5b8]
Event: 2.612 Thread 0x000001a378ce8c20 nmethod 829 0x000001a3691cd690 code [0x000001a3691cd9a0, 0x000001a3691ce678]

GC Heap History (0 events):
No events

Deoptimization events (0 events):
No events

Classes unloaded (0 events):
No events

Classes redefined (0 events):
No events

Internal exceptions (9 events):
Event: 1.742 Thread 0x000001a37910b850 Exception <a 'java/lang/NoSuchMethodError'{0x0000000711983d20}: 'java.lang.Object java.lang.invoke.DirectMethodHandle$Holder.invokeStaticInit(java.lang.Object)'> (0x0000000711983d20) 
thrown [t:\workspace\open\src\hotspot\share\interpreter\linkResolver.cpp, line 766]
Event: 1.757 Thread 0x000001a37910b850 Exception <a 'java/lang/NoSuchMethodError'{0x0000000711990d18}: 'void java.lang.invoke.DirectMethodHandle$Holder.invokeStatic(java.lang.Object, java.lang.Object)'> (0x0000000711990d18) 
thrown [t:\workspace\open\src\hotspot\share\interpreter\linkResolver.cpp, line 766]
Event: 1.866 Thread 0x000001a361630a20 Exception <a 'java/lang/NoSuchMethodError'{0x00000007119571c8}: 'int java.lang.invoke.DirectMethodHandle$Holder.invokeInterface(java.lang.Object, java.lang.Object)'> (0x00000007119571c8) 
thrown [t:\workspace\open\src\hotspot\share\interpreter\linkResolver.cpp, line 766]
Event: 1.867 Thread 0x000001a361630a20 Exception <a 'java/lang/IncompatibleClassChangeError'{0x000000071195a7c8}: Found class java.lang.Object, but interface was expected> (0x000000071195a7c8) 
thrown [t:\workspace\open\src\hotspot\share\interpreter\linkResolver.cpp, line 833]
Event: 2.060 Thread 0x000001a361630a20 Exception <a 'java/lang/NoSuchMethodError'{0x0000000711696708}: 'int java.lang.invoke.DirectMethodHandle$Holder.invokeSpecial(java.lang.Object, java.lang.Object, java.lang.Object)'> (0x0000000711696708) 
thrown [t:\workspace\open\src\hotspot\share\interpreter\linkResolver.cpp, line 766]
Event: 2.228 Thread 0x000001a361630a20 Exception <a 'java/lang/NoSuchMethodError'{0x0000000711790768}: 'void java.lang.invoke.DirectMethodHandle$Holder.invokeStatic(java.lang.Object, java.lang.Object, java.lang.Object)'> (0x0000000711790768) 
thrown [t:\workspace\open\src\hotspot\share\interpreter\linkResolver.cpp, line 766]
Event: 2.258 Thread 0x000001a361630a20 Exception <a 'java/lang/NoSuchMethodError'{0x00000007117cd690}: 'int java.lang.invoke.DirectMethodHandle$Holder.invokeSpecialIFC(java.lang.Object, java.lang.Object, java.lang.Object)'> (0x00000007117cd690) 
thrown [t:\workspace\open\src\hotspot\share\interpreter\linkResolver.cpp, line 766]
Event: 2.328 Thread 0x000001a361630a20 Exception <a 'java/lang/NoSuchMethodError'{0x00000007114432e0}: 'java.lang.Object java.lang.invoke.DirectMethodHandle$Holder.invokeStaticInit(java.lang.Object, int, int, int, int)'> (0x00000007114432e0) 
thrown [t:\workspace\open\src\hotspot\share\interpreter\linkResolver.cpp, line 766]
Event: 2.573 Thread 0x000001a361630a20 Exception <a 'java/lang/NoSuchMethodError'{0x0000000711489d50}: 'java.lang.Object java.lang.invoke.DirectMethodHandle$Holder.invokeStaticInit(java.lang.Object, java.lang.Object, int, int, int, int)'> (0x0000000711489d50) 
thrown [t:\workspace\open\src\hotspot\share\interpreter\linkResolver.cpp, line 766]

VM Operations (10 events):
Event: 1.174 Executing VM operation: HandshakeAllThreads
Event: 1.174 Executing VM operation: HandshakeAllThreads done
Event: 1.721 Executing VM operation: HandshakeAllThreads
Event: 1.737 Executing VM operation: HandshakeAllThreads done
Event: 1.737 Executing VM operation: Cleanup
Event: 1.737 Executing VM operation: Cleanup done
Event: 1.877 Executing VM operation: HandshakeAllThreads
Event: 1.877 Executing VM operation: HandshakeAllThreads done
Event: 2.297 Executing VM operation: HandshakeAllThreads
Event: 2.297 Executing VM operation: HandshakeAllThreads done

Events (20 events):
Event: 2.613 loading class java/util/concurrent/ForkJoinPool$ManagedBlocker
Event: 2.614 loading class java/util/concurrent/ForkJoinPool$ManagedBlocker done
Event: 2.614 loading class java/util/concurrent/SynchronousQueue$TransferStack$SNode done
Event: 2.614 loading class sun/rmi/transport/tcp/TCPTransport$1
Event: 2.614 loading class sun/rmi/transport/tcp/TCPTransport$1 done
Event: 2.614 loading class java/util/concurrent/locks/AbstractQueuedSynchronizer$ConditionObject
Event: 2.614 loading class java/util/concurrent/locks/Condition
Event: 2.614 loading class java/util/concurrent/locks/Condition done
Event: 2.614 loading class java/util/concurrent/locks/AbstractQueuedSynchronizer$ConditionObject done
Event: 2.614 loading class java/rmi/server/RMISocketFactory
Event: 2.614 loading class java/rmi/server/RMIClientSocketFactory
Event: 2.614 loading class java/rmi/server/RMIClientSocketFactory done
Event: 2.614 loading class java/rmi/server/RMISocketFactory done
Event: 2.615 loading class sun/rmi/transport/tcp/TCPDirectSocketFactory
Event: 2.615 loading class sun/rmi/transport/tcp/TCPDirectSocketFactory done
Event: 2.616 loading class sun/rmi/server/UnicastRef2
Event: 2.616 loading class sun/rmi/server/UnicastRef2 done
Event: 2.616 loading class javax/management/remote/rmi/RMIServerImpl_Stub
Event: 2.616 loading class java/rmi/server/RemoteStub
Event: 2.616 loading class java/rmi/server/RemoteObject


Dynamic libraries:
0x00007ff68f940000 - 0x00007ff68f950000 	C:\Program Files\Java\jdk-17\bin\java.exe
0x00007ffb13390000 - 0x00007ffb13585000 	C:\WINDOWS\SYSTEM32\ntdll.dll
0x00007ffb120d0000 - 0x00007ffb1218e000 	C:\WINDOWS\System32\KERNEL32.DLL
0x00007ffb10d30000 - 0x00007ffb10ff9000 	C:\WINDOWS\System32\KERNELBASE.dll
0x00007ffb10c00000 - 0x00007ffb10d00000 	C:\WINDOWS\System32\ucrtbase.dll
0x00007ffb09c70000 - 0x00007ffb09c88000 	C:\Program Files\Java\jdk-17\bin\jli.dll
0x00007ffb08cc0000 - 0x00007ffb08cda000 	C:\Program Files\Java\jdk-17\bin\VCRUNTIME140.dll
0x00007ffb12a90000 - 0x00007ffb12b3c000 	C:\WINDOWS\System32\ADVAPI32.dll
0x00007ffb11cc0000 - 0x00007ffb11d5e000 	C:\WINDOWS\System32\msvcrt.dll
0x00007ffb12e70000 - 0x00007ffb12f0b000 	C:\WINDOWS\System32\sechost.dll
0x00007ffb12640000 - 0x00007ffb1276a000 	C:\WINDOWS\System32\RPCRT4.dll
0x00007ffb12f10000 - 0x00007ffb130b1000 	C:\WINDOWS\System32\USER32.dll
0x00007ffaf9e10000 - 0x00007ffafa0aa000 	C:\WINDOWS\WinSxS\amd64_microsoft.windows.common-controls_6595b64144ccf1df_6.0.19041.1110_none_60b5254171f9507e\COMCTL32.dll
0x00007ffb111c0000 - 0x00007ffb111e2000 	C:\WINDOWS\System32\win32u.dll
0x00007ffb12190000 - 0x00007ffb121bb000 	C:\WINDOWS\System32\GDI32.dll
0x00007ffb110b0000 - 0x00007ffb111bb000 	C:\WINDOWS\System32\gdi32full.dll
0x00007ffafe5b0000 - 0x00007ffafe5ba000 	C:\WINDOWS\SYSTEM32\VERSION.dll
0x00007ffb10b00000 - 0x00007ffb10b9d000 	C:\WINDOWS\System32\msvcp_win.dll
0x00007ffb13310000 - 0x00007ffb13340000 	C:\WINDOWS\System32\IMM32.DLL
0x00007ffade940000 - 0x00007ffade9e4000 	C:\Program Files\McAfee\Endpoint Security\Threat Prevention\Ips\EpMPApi.dll
0x00007ffb10ba0000 - 0x00007ffb10c00000 	C:\WINDOWS\System32\WINTRUST.dll
0x00007ffb11280000 - 0x00007ffb113d6000 	C:\WINDOWS\System32\CRYPT32.dll
0x00007ffb10690000 - 0x00007ffb106a2000 	C:\WINDOWS\SYSTEM32\MSASN1.dll
0x0000000068760000 - 0x000000006876c000 	C:\Program Files\McAfee\Endpoint Security\Threat Prevention\Ips\EpMPThe.dll
0x00007ffadcb90000 - 0x00007ffadcbe9000 	C:\Program Files\McAfee\Endpoint Security\Threat Prevention\Ips\HIPHandlers64.dll
0x00007ffb12c80000 - 0x00007ffb12cd5000 	C:\WINDOWS\System32\SHLWAPI.dll
0x00007ffb0e590000 - 0x00007ffb0e774000 	C:\WINDOWS\SYSTEM32\dbghelp.dll
0x00007ffb09cb0000 - 0x00007ffb09cbc000 	C:\Program Files\Java\jdk-17\bin\vcruntime140_1.dll
0x00007ffb04630000 - 0x00007ffb046bd000 	C:\Program Files\Java\jdk-17\bin\msvcp140.dll
0x00007ffaba140000 - 0x00007ffabacfe000 	C:\Program Files\Java\jdk-17\bin\server\jvm.dll
0x00007ffb13340000 - 0x00007ffb13348000 	C:\WINDOWS\System32\PSAPI.DLL
0x00007ffaf7690000 - 0x00007ffaf7699000 	C:\WINDOWS\SYSTEM32\WSOCK32.dll
0x00007ffb12b40000 - 0x00007ffb12bab000 	C:\WINDOWS\System32\WS2_32.dll
0x00007ffaf7e10000 - 0x00007ffaf7e37000 	C:\WINDOWS\SYSTEM32\WINMM.dll
0x00007ffb0f210000 - 0x00007ffb0f222000 	C:\WINDOWS\SYSTEM32\kernel.appcore.dll
0x00007ffb08da0000 - 0x00007ffb08daa000 	C:\Program Files\Java\jdk-17\bin\jimage.dll
0x00007ffaf1fe0000 - 0x00007ffaf200c000 	C:\WINDOWS\SYSTEM32\dbgcore.DLL
0x00007ffb111f0000 - 0x00007ffb11273000 	C:\WINDOWS\System32\bcryptPrimitives.dll
0x00007ffb07940000 - 0x00007ffb0794e000 	C:\Program Files\Java\jdk-17\bin\instrument.dll
0x00007ffb08b80000 - 0x00007ffb08ba5000 	C:\Program Files\Java\jdk-17\bin\java.dll
0x00007ffad44e0000 - 0x00007ffad45b6000 	C:\Program Files\Java\jdk-17\bin\svml.dll
0x00007ffb114f0000 - 0x00007ffb11c2f000 	C:\WINDOWS\System32\SHELL32.dll
0x00007ffb0ea40000 - 0x00007ffb0f1d0000 	C:\WINDOWS\SYSTEM32\windows.storage.dll
0x00007ffb11d60000 - 0x00007ffb120b5000 	C:\WINDOWS\System32\combase.dll
0x00007ffb103a0000 - 0x00007ffb103cc000 	C:\WINDOWS\SYSTEM32\Wldp.dll
0x00007ffb12ce0000 - 0x00007ffb12d8e000 	C:\WINDOWS\System32\SHCORE.dll
0x00007ffb109f0000 - 0x00007ffb10a0f000 	C:\WINDOWS\SYSTEM32\profapi.dll
0x00007ffae7a00000 - 0x00007ffae7a18000 	C:\Program Files\Java\jdk-17\bin\zip.dll
0x00007ffaeb950000 - 0x00007ffaeb969000 	C:\Program Files\Java\jdk-17\bin\net.dll
0x00007ffb0fa50000 - 0x00007ffb0fb58000 	C:\WINDOWS\SYSTEM32\WINHTTP.dll
0x00007ffb10130000 - 0x00007ffb1019a000 	C:\WINDOWS\system32\mswsock.dll
0x00007ffaeb750000 - 0x00007ffaeb765000 	C:\Program Files\Java\jdk-17\bin\nio.dll
0x00007ffb04490000 - 0x00007ffb044aa000 	C:\Program Files\JetBrains\IntelliJ IDEA 2021.2\bin\breakgen64.dll
0x00007ffb0fe80000 - 0x00007ffb0ff4c000 	C:\WINDOWS\SYSTEM32\DNSAPI.dll
0x00007ffb0fe40000 - 0x00007ffb0fe7b000 	C:\WINDOWS\SYSTEM32\IPHLPAPI.DLL
0x00007ffb120c0000 - 0x00007ffb120c8000 	C:\WINDOWS\System32\NSI.dll
0x00007ffb093e0000 - 0x00007ffb093ea000 	C:\Windows\System32\rasadhlp.dll
0x00007ffb0aa50000 - 0x00007ffb0aacf000 	C:\WINDOWS\System32\fwpuclnt.dll
0x00007ffb10d00000 - 0x00007ffb10d27000 	C:\WINDOWS\System32\bcrypt.dll
0x00007ffb08c00000 - 0x00007ffb08c09000 	C:\Program Files\Java\jdk-17\bin\management.dll
0x00007ffb08910000 - 0x00007ffb0891b000 	C:\Program Files\Java\jdk-17\bin\management_ext.dll
0x00007ffb103f0000 - 0x00007ffb10408000 	C:\WINDOWS\SYSTEM32\CRYPTSP.dll
0x00007ffb0f9c0000 - 0x00007ffb0f9f4000 	C:\WINDOWS\system32\rsaenh.dll
0x00007ffb10970000 - 0x00007ffb1099e000 	C:\WINDOWS\SYSTEM32\USERENV.dll
0x00007ffb103d0000 - 0x00007ffb103dc000 	C:\WINDOWS\SYSTEM32\CRYPTBASE.dll
0x00007ffb09e30000 - 0x00007ffb09e47000 	C:\WINDOWS\SYSTEM32\dhcpcsvc6.DLL
0x00007ffb098b0000 - 0x00007ffb098cd000 	C:\WINDOWS\SYSTEM32\dhcpcsvc.DLL
0x00007ffafb690000 - 0x00007ffafb6a7000 	C:\WINDOWS\system32\napinsp.dll
0x00007ffaef3b0000 - 0x00007ffaef3cb000 	C:\WINDOWS\system32\pnrpnsp.dll
0x00007ffb0b280000 - 0x00007ffb0b295000 	C:\WINDOWS\system32\wshbth.dll
0x00007ffb0be20000 - 0x00007ffb0be3d000 	C:\WINDOWS\system32\NLAapi.dll
0x00007ffaee8e0000 - 0x00007ffaee8f2000 	C:\WINDOWS\System32\winrnr.dll

dbghelp: loaded successfully - version: 4.0.5 - missing functions: none
symbol engine: initialized successfully - sym options: 0x614 - pdb path: .;C:\Program Files\Java\jdk-17\bin;C:\WINDOWS\SYSTEM32;C:\WINDOWS\WinSxS\amd64_microsoft.windows.common-controls_6595b64144ccf1df_6.0.19041.1110_none_60b5254171f9507e;C:\Program Files\McAfee\Endpoint Security\Threat Prevention\Ips;C:\Program Files\Java\jdk-17\bin\server;C:\Program Files\JetBrains\IntelliJ IDEA 2021.2\bin

VM Arguments:
jvm_args: -XX:TieredStopAtLevel=1 -Xverify:none -Dspring.output.ansi.enabled=always -javaagent:C:\Program Files\JetBrains\IntelliJ IDEA 2021.2\lib\idea_rt.jar=54921:C:\Program Files\JetBrains\IntelliJ IDEA 2021.2\bin -Dcom.sun.management.jmxremote -Dspring.jmx.enabled=true -Dspring.liveBeansView.mbeanDomain -Dspring.application.admin.enabled=true -Dfile.encoding=UTF-8 
java_command: com.project2.dhrubosalgorithms.DhrubosAlgorithmsApplication
java_class_path (initial): C:\Users\matjames\Documents\paypal-sei\Java-Project-2\paypal-java-project-2\target\classes;C:\Users\matjames\.m2\repository\org\springframework\boot\spring-boot-starter-web\2.5.5\spring-boot-starter-web-2.5.5.jar;C:\Users\matjames\.m2\repository\org\springframework\boot\spring-boot-starter\2.5.5\spring-boot-starter-2.5.5.jar;C:\Users\matjames\.m2\repository\org\springframework\boot\spring-boot-starter-logging\2.5.5\spring-boot-starter-logging-2.5.5.jar;C:\Users\matjames\.m2\repository\ch\qos\logback\logback-classic\1.2.6\logback-classic-1.2.6.jar;C:\Users\matjames\.m2\repository\ch\qos\logback\logback-core\1.2.6\logback-core-1.2.6.jar;C:\Users\matjames\.m2\repository\org\apache\logging\log4j\log4j-to-slf4j\2.14.1\log4j-to-slf4j-2.14.1.jar;C:\Users\matjames\.m2\repository\org\apache\logging\log4j\log4j-api\2.14.1\log4j-api-2.14.1.jar;C:\Users\matjames\.m2\repository\org\slf4j\jul-to-slf4j\1.7.32\jul-to-slf4j-1.7.32.jar;C:\Users\matjames\.m2\repository\jakarta\annotation\jakarta.annotation-api\1.3.5\jakarta.annotation-api-1.3.5.jar;C:\Users\matjames\.m2\repository\org\yaml\snakeyaml\1.28\snakeyaml-1.28.jar;C:\Users\matjames\.m2\repository\org\springframework\boot\spring-boot-starter-json\2.5.5\spring-boot-starter-json-2.5.5.jar;C:\Users\matjames\.m2\repository\com\fasterxml\jackson\datatype\jackson-datatype-jdk8\2.12.5\jackson-datatype-jdk8-2.12.5.jar;C:\Users\matjames\.m2\repository\com\fasterxml\jackson\datatype\jackson-datatype-jsr310\2.12.5\jackson-datatype-jsr310-2.12.5.jar;C:\Users\matjames\.m2\repository\com\fasterxml\jackson\module\jackson-module-parameter-names\2.12.5\jackson-module-parameter-names-2.12.5.jar;C:\Users\matjames\.m2\repository\org\springframework\boot\spring-boot-starter-tomcat\2.5.5\spring-boot-starter-tomcat-2.5.5.jar;C:\Users\matjames\.m2\repository\org\apache\tomcat\embed\tomcat-embed-core\9.0.53\tomcat-embed-core-9.0.53.jar;C:\Users\matjames\.m2\repository\org\apache\tomcat\embed\tomcat-embed-el\9.0.53\tomcat-e
Launcher Type: SUN_STANDARD

[Global flags]
     intx CICompilerCount                          = 4                                         {product} {ergonomic}
     uint ConcGCThreads                            = 2                                         {product} {ergonomic}
     uint G1ConcRefinementThreads                  = 8                                         {product} {ergonomic}
   size_t G1HeapRegionSize                         = 2097152                                   {product} {ergonomic}
    uintx GCDrainStackTargetSize                   = 64                                        {product} {ergonomic}
   size_t InitialHeapSize                          = 266338304                                 {product} {ergonomic}
     bool ManagementServer                         = true                                      {product} {command line}
   size_t MarkStackSize                            = 4194304                                   {product} {ergonomic}
   size_t MaxHeapSize                              = 4257218560                                {product} {ergonomic}
   size_t MaxNewSize                               = 2554331136                                {product} {ergonomic}
   size_t MinHeapDeltaBytes                        = 2097152                                   {product} {ergonomic}
   size_t MinHeapSize                              = 8388608                                   {product} {ergonomic}
    uintx NonProfiledCodeHeapSize                  = 0                                      {pd product} {ergonomic}
     bool ProfileInterpreter                       = false                                  {pd product} {command line}
    uintx ProfiledCodeHeapSize                     = 0                                      {pd product} {ergonomic}
   size_t SoftMaxHeapSize                          = 4257218560                             {manageable} {ergonomic}
     intx TieredStopAtLevel                        = 1                                         {product} {command line}
     bool UseCompressedClassPointers               = true                           {product lp64_product} {ergonomic}
     bool UseCompressedOops                        = true                           {product lp64_product} {ergonomic}
     bool UseG1GC                                  = true                                      {product} {ergonomic}
     bool UseLargePagesIndividualAllocation        = false                                  {pd product} {ergonomic}

Logging:
Log output configuration:
 #0: stdout all=warning uptime,level,tags
 #1: stderr all=off uptime,level,tags

Environment Variables:
JAVA_HOME=C:\Program Files\Java\jdk-11.0.12
PATH=C:\Program Files\Common Files\Oracle\Java\javapath;C:\Program Files (x86)\Common Files\Oracle\Java\javapath;C:\Program Files (x86)\Nice Systems\NICE Player Codec Pack\\;C:\Program Files (x86)\RSA SecurID Token Common;C:\WINDOWS\system32;C:\WINDOWS;C:\WINDOWS\System32\Wbem;C:\WINDOWS\System32\WindowsPowerShell\v1.0\;C:\WINDOWS\System32\OpenSSH\;C:\Program Files\Microsoft VS Code\bin;C:\Program Files\Zulu\zulu-11\bin;C:\Program Files\Docker\Docker\resources\bin;C:\ProgramData\DockerDesktop\version-bin;C:\WINDOWS\system32;C:\WINDOWS;C:\WINDOWS\System32\Wbem;C:\WINDOWS\System32\WindowsPowerShell\v1.0\;C:\WINDOWS\System32\OpenSSH\;C:\Program Files\Java\jdk-11.0.12;C:\Program Files\apache-maven-3.8.3\bin;C:\Users\matjames\AppData\Local\Microsoft\WindowsApps;C:\Users\matjames\AppData\Local\Programs\Git\cmd;C:\Program Files\PostgreSQL\13\bin\;
USERNAME=matjames
OS=Windows_NT
PROCESSOR_IDENTIFIER=Intel64 Family 6 Model 142 Stepping 10, GenuineIntel



---------------  S Y S T E M  ---------------

OS:
 Windows 10 , 64 bit Build 19041 (10.0.19041.1202)
OS uptime: 1 days 2:02 hours
Hyper-V role detected

CPU: total 8 (initial active 8) (4 cores per cpu, 2 threads per core) family 6 model 142 stepping 10 microcode 0xb4, cx8, cmov, fxsr, ht, mmx, 3dnowpref, sse, sse2, sse3, ssse3, sse4.1, sse4.2, popcnt, lzcnt, tsc, tscinvbit, avx, avx2, aes, erms, clmul, bmi1, bmi2, rtm, adx, fma, vzeroupper, clflush, clflushopt, hv

Memory: 4k page, system-wide physical 16238M (2583M free)
TotalPageFile size 20334M (AvailPageFile size 0M)
current process WorkingSet (physical memory assigned to process): 54M, peak: 54M
current process commit charge ("private bytes"): 348M, peak: 348M

vm_info: Java HotSpot(TM) 64-Bit Server VM (17+35-LTS-2724) for windows-amd64 JRE (17+35-LTS-2724), built on Aug  5 2021 23:28:28 by "mach5one" with MS VC++ 16.8 (VS2019)

END.
